Feb-11 21:35:52	FormMain::showStatus:	Info: Starting...
Feb-11 21:35:52	FormMain::showStatus:	Info. Initialization complete. Running...
Feb-11 21:44:13	FormMain::showStatus:	Info: Starting...
Feb-11 21:44:13	FormMain::showStatus:	Info. Initialization complete. Running...
Feb-11 21:55:01	FormMain::showStatus:	Info: Starting...
Feb-11 21:55:01	FormMain::showStatus:	Info. Initialization complete. Running...
Feb-11 22:13:48	FormMain::showStatus:	Info: Starting...
Feb-11 22:13:49	FormMain::showStatus:	Info. Initialization complete. Running...
Feb-11 22:41:19	FormMain::showStatus:	Info: Starting...
Feb-11 22:41:20	FormMain::showStatus:	Info. Initialization complete. Running...
Feb-11 22:41:26	FormMain::alert:	System.InvalidOperationException: No connection string named 'SchedulesContext' could be found in the application config file.
   at System.Data.Entity.Internal.LazyInternalConnection.get_ConnectionHasModel()
   at System.Data.Entity.Internal.LazyInternalContext.InitializeContext()
   at System.Data.Entity.Internal.InternalContext.Initialize()
   at System.Data.Entity.Internal.InternalContext.GetEntitySetAndBaseTypeForType(Type entityType)
   at System.Data.Entity.Internal.Linq.InternalSet`1.Initialize()
   at System.Data.Entity.Internal.Linq.InternalSet`1.get_InternalContext()
   at System.Data.Entity.Infrastructure.DbQuery`1.System.Linq.IQueryable.get_Provider()
   at System.Linq.Queryable.OrderBy[TSource,TKey](IQueryable`1 source, Expression`1 keySelector)
   at Dashboard.FormMain.buttonSchedulesRefreshFromHeatQueue_Click(Object sender, EventArgs e) in c:\(svn work)\MidlandCaster\Dashboard\Dashboard\FormMain.cs:line 570
Feb-11 22:43:20	FormMain::showStatus:	Info: Starting...
Feb-11 22:43:21	FormMain::showStatus:	Info. Initialization complete. Running...
Feb-11 22:43:33	FormMain::alert:	System.NotSupportedException: The specified type member 'HeatCutNumber' is not supported in LINQ to Entities. Only initializers, entity members, and entity navigation properties are supported.
   at System.Data.Entity.Core.Objects.ELinq.ExpressionConverter.MemberAccessTranslator.TypedTranslate(ExpressionConverter parent, MemberExpression linq)
   at System.Data.Entity.Core.Objects.ELinq.ExpressionConverter.TypedTranslator`1.Translate(ExpressionConverter parent, Expression linq)
   at System.Data.Entity.Core.Objects.ELinq.ExpressionConverter.TranslateExpression(Expression linq)
   at System.Data.Entity.Core.Objects.ELinq.ExpressionConverter.TranslateLambda(LambdaExpression lambda, DbExpression input)
   at System.Data.Entity.Core.Objects.ELinq.ExpressionConverter.TranslateLambda(LambdaExpression lambda, DbExpression input, DbExpressionBinding& binding)
   at System.Data.Entity.Core.Objects.ELinq.ExpressionConverter.MethodCallTranslator.OneLambdaTranslator.Translate(ExpressionConverter parent, MethodCallExpression call, DbExpression& source, DbExpressionBinding& sourceBinding, DbExpression& lambda)
   at System.Data.Entity.Core.Objects.ELinq.ExpressionConverter.MethodCallTranslator.OneLambdaTranslator.Translate(ExpressionConverter parent, MethodCallExpression call)
   at System.Data.Entity.Core.Objects.ELinq.ExpressionConverter.MethodCallTranslator.SequenceMethodTranslator.Translate(ExpressionConverter parent, MethodCallExpression call, SequenceMethod sequenceMethod)
   at System.Data.Entity.Core.Objects.ELinq.ExpressionConverter.MethodCallTranslator.TypedTranslate(ExpressionConverter parent, MethodCallExpression linq)
   at System.Data.Entity.Core.Objects.ELinq.ExpressionConverter.TypedTranslator`1.Translate(ExpressionConverter parent, Expression linq)
   at System.Data.Entity.Core.Objects.ELinq.ExpressionConverter.TranslateExpression(Expression linq)
   at System.Data.Entity.Core.Objects.ELinq.ExpressionConverter.Convert()
   at System.Data.Entity.Core.Objects.ELinq.ELinqQueryState.GetExecutionPlan(Nullable`1 forMergeOption)
   at System.Data.Entity.Core.Objects.ObjectQuery`1.<>c__DisplayClassb.<GetResults>b__a()
   at System.Data.Entity.Core.Objects.ObjectContext.ExecuteInTransaction[T](Func`1 func, IDbExecutionStrategy executionStrategy, Boolean startLocalTransaction, Boolean releaseConnectionOnSuccess)
   at System.Data.Entity.Core.Objects.ObjectQuery`1.<>c__DisplayClassb.<GetResults>b__9()
   at System.Data.Entity.SqlServer.DefaultSqlExecutionStrategy.Execute[TResult](Func`1 operation)
   at System.Data.Entity.Core.Objects.ObjectQuery`1.GetResults(Nullable`1 forMergeOption)
   at System.Data.Entity.Core.Objects.ObjectQuery`1.<System.Collections.Generic.IEnumerable<T>.GetEnumerator>b__0()
   at System.Lazy`1.CreateValue()
   at System.Lazy`1.LazyInitValue()
   at System.Lazy`1.get_Value()
   at System.Data.Entity.Internal.LazyEnumerator`1.MoveNext()
   at System.Collections.Generic.List`1..ctor(IEnumerable`1 collection)
   at System.Linq.Enumerable.ToList[TSource](IEnumerable`1 source)
   at Dashboard.FormMain.dgvCastSchedule_RowHeaderMouseClick(Object sender, DataGridViewCellMouseEventArgs e) in c:\(svn work)\MidlandCaster\Dashboard\Dashboard\FormMain.cs:line 604
Feb-11 22:44:22	FormMain::showStatus:	Info: Starting...
Feb-11 22:44:23	FormMain::showStatus:	Info. Initialization complete. Running...
Feb-11 22:53:40	FormMain::showStatus:	Info: Starting...
Feb-11 22:53:40	FormMain::showStatus:	Info. Initialization complete. Running...
Feb-11 23:07:01	FormMain::showStatus:	Info: Starting...
Feb-11 23:07:02	FormMain::showStatus:	Info. Initialization complete. Running...
Feb-11 23:57:55	FormMain::showStatus:	Info: Starting...
Feb-11 23:57:56	FormMain::showStatus:	Info. Initialization complete. Running...
