Feb-06 18:11:41	FormMain::showStatus:	Info: Starting...
Feb-06 18:11:48	FormMain::showStatus:	Info. Initialization complete. Running...
Feb-06 18:33:12	FormMain::showStatus:	Info: Starting...
Feb-06 18:33:16	FormMain::showStatus:	Info. Initialization complete. Running...
Feb-06 18:35:45	FormMain::showStatus:	Info: Starting...
Feb-06 18:36:04	FormMain::showStatus:	Info. Initialization complete. Running...
Feb-06 18:38:34	QualityEventEngine::HasHighFlowDeviation:	QEEngine::Strand=5 Loop=1 Err=System.ArgumentException: The property 'SprayWaterFlowL01' on type 'L1Strand' is not a primitive or complex property. The Property method can only be used with primitive or complex properties. Use the Reference or Collection method.
   at System.Data.Entity.Internal.InternalEntityEntry.Property(InternalPropertyEntry parentProperty, String propertyName, IList`1 properties, Type requestedType, Boolean requireComplex)
   at System.Data.Entity.Internal.InternalEntityEntry.Property(InternalPropertyEntry parentProperty, String propertyName, Type requestedType, Boolean requireComplex)
   at System.Data.Entity.Internal.InternalEntityEntry.Property(String property, Type requestedType, Boolean requireComplex)
   at System.Data.Entity.Infrastructure.DbEntityEntry`1.Property(String propertyName)
   at QualityTracking.QualityEventEngine.HasHighFlowDeviation(L1TablesContext contextL1, Int32 strandNumber, Int32 loopNumber)
Feb-06 18:44:01	QualityEventEngine::HasHighFlowDeviation:	QEEngine::Strand=5 Loop=1 Err=System.InvalidCastException: Specified cast is not valid.
   at QualityTracking.QualityEventEngine.HasHighFlowDeviation(L1TablesContext contextL1, Int32 strandNumber, Int32 loopNumber)
Feb-06 18:45:42	QualityEventEngine::HasHighFlowDeviation:	QEEngine::Strand=5 Loop=1 Err=System.InvalidCastException: Specified cast is not valid.
   at QualityTracking.QualityEventEngine.HasHighFlowDeviation(L1TablesContext contextL1, Int32 strandNumber, Int32 loopNumber)
Feb-06 18:46:22	QualityEventEngine::HasHighFlowDeviation:	QEEngine::Strand=5 Loop=1 Err=System.InvalidCastException: Specified cast is not valid.
   at QualityTracking.QualityEventEngine.HasHighFlowDeviation(L1TablesContext contextL1, Int32 strandNumber, Int32 loopNumber)
Feb-06 18:47:13	QualityEventEngine::HasHighFlowDeviation:	QEEngine::Strand=5 Loop=1 Err=System.InvalidCastException: Specified cast is not valid.
   at QualityTracking.QualityEventEngine.HasHighFlowDeviation(L1TablesContext contextL1, Int32 strandNumber, Int32 loopNumber)
Feb-06 18:49:12	QualityEventEngine::HasHighFlowDeviation:	QEEngine::Strand=5 Loop=1 Err=System.InvalidCastException: Specified cast is not valid.
   at QualityTracking.QualityEventEngine.HasHighFlowDeviation(L1TablesContext contextL1, Int32 strandNumber, Int32 loopNumber)
Feb-06 18:49:14	QualityEventEngine::CalculateEvents:	QEEngine::Object reference not set to an instance of an object.
Feb-06 18:54:31	FormMain::showStatus:	Info: Starting...
Feb-06 18:54:39	FormMain::showStatus:	Info. Initialization complete. Running...
Feb-06 18:56:08	QualityEventEngine::CalculateEvents:	QEEngine::Object reference not set to an instance of an object.
Feb-06 19:02:54	QualityEventEngine::CalculateEvents:	QEEngine::Object reference not set to an instance of an object.
Feb-06 19:05:49	FormMain::showStatus:	Info: Starting...
Feb-06 19:05:53	FormMain::showStatus:	Info. Initialization complete. Running...
Feb-06 19:06:29	QualityEventEngine::CalculateEvents:	QEEngine::Object reference not set to an instance of an object.
Feb-06 19:06:37	QualityEventEngine::CalculateEvents:	QEEngine::Object reference not set to an instance of an object.
Feb-06 19:06:47	QualityEventEngine::CalculateEvents:	QEEngine::Object reference not set to an instance of an object.
Feb-06 19:06:57	QualityEventEngine::CalculateEvents:	QEEngine::Object reference not set to an instance of an object.
Feb-06 19:07:07	QualityEventEngine::CalculateEvents:	QEEngine::Object reference not set to an instance of an object.
Feb-06 19:07:17	QualityEventEngine::CalculateEvents:	QEEngine::Object reference not set to an instance of an object.
Feb-06 19:07:27	QualityEventEngine::CalculateEvents:	QEEngine::Object reference not set to an instance of an object.
Feb-06 19:07:37	QualityEventEngine::CalculateEvents:	QEEngine::Object reference not set to an instance of an object.
