Feb-09 12:52:32	FormMain::showStatus:	Info: Starting...
Feb-09 12:52:32	FormMain::showStatus:	Info. Initialization complete. Running...
Feb-09 19:50:42	FormMain::showStatus:	Info: Starting...
Feb-09 19:50:42	FormMain::showStatus:	Info. Initialization complete. Running...
Feb-09 19:57:27	FormMain::showStatus:	Info: Starting...
Feb-09 19:57:28	FormMain::showStatus:	Info. Initialization complete. Running...
Feb-09 20:02:01	FormMain::showStatus:	Info: Starting...
Feb-09 20:02:02	FormMain::showStatus:	Info. Initialization complete. Running...
Feb-09 20:02:56	FormMain::showStatus:	Info: Starting...
Feb-09 20:02:56	FormMain::showStatus:	Info. Initialization complete. Running...
Feb-09 20:03:25	FormMain::timerGeneral_Tick:	Object reference not set to an instance of an object.
Feb-09 20:05:03	FormMain::timerGeneral_Tick:	Object reference not set to an instance of an object.
Feb-09 20:08:43	FormMain::showStatus:	Info: Starting...
Feb-09 20:08:43	FormMain::showStatus:	Info. Initialization complete. Running...
Feb-09 20:09:41	FormMain::timerGeneral_Tick:	Object reference not set to an instance of an object.
Feb-09 20:10:39	FormMain::showStatus:	Info: Starting...
Feb-09 20:10:40	FormMain::showStatus:	Info. Initialization complete. Running...
Feb-09 20:13:33	FormMain::showStatus:	Info: Starting...
Feb-09 20:13:33	FormMain::showStatus:	Info. Initialization complete. Running...
Feb-09 20:14:59	FormMain::timerGeneral_Tick:	Object reference not set to an instance of an object.
Feb-09 20:47:39	FormMain::showStatus:	Info: Starting...
Feb-09 20:47:39	FormMain::showStatus:	Info. Initialization complete. Running...
Feb-09 20:49:43	FormMain::showStatus:	Info: Starting...
Feb-09 20:49:43	FormMain::showStatus:	Info. Initialization complete. Running...
Feb-09 22:52:27	FormMain::showStatus:	Info: Starting...
Feb-09 22:52:28	FormMain::showStatus:	Info. Initialization complete. Running...
Feb-09 22:53:00	FormMain::timerGeneral_Tick:	Object reference not set to an instance of an object.
Feb-09 22:53:10	FormMain::timerGeneral_Tick:	Object reference not set to an instance of an object.
Feb-09 22:55:14	FormMain::showStatus:	Info: Starting...
Feb-09 22:55:37	FormMain::showStatus:	Info. Initialization complete. Running...
Feb-09 22:56:11	FormMain::showStatus:	Info: Starting...
Feb-09 22:56:15	FormMain::showStatus:	Info. Initialization complete. Running...
Feb-09 22:56:21	FormMain::timerGeneral_Tick:	Object reference not set to an instance of an object.
Feb-09 22:57:58	FormMain::showStatus:	Info: Starting...
Feb-09 22:57:59	FormMain::showStatus:	Info. Initialization complete. Running...
Feb-09 23:02:15	FormMain::showStatus:	Info: Starting...
Feb-09 23:02:30	FormMain::showStatus:	Info. Initialization complete. Running...
Feb-09 23:09:46	QualityEngine::CalculateEventsForAllStrands:	QEEngine::System.NullReferenceException: Object reference not set to an instance of an object.
   at QualityTracking.QualityEngine.CalculateEventsForAllStrands()
Feb-09 23:15:29	FormMain::showStatus:	Info: Starting...
Feb-09 23:15:41	FormMain::showStatus:	Info. Initialization complete. Running...
Feb-09 23:19:12	FormMain::showStatus:	Info: Starting...
Feb-09 23:19:15	FormMain::showStatus:	Info. Initialization complete. Running...
